<?xml version="1.0" encoding="UTF-8"?>
<!-- Generated by org.testng.reporters.JUnitXMLReporter -->
<testsuite ignored="0" hostname="LAPTOP-QQ3HDQ9P" failures="1" tests="1" name="Test" time="0.304" errors="0" timestamp="20 May 2021 16:45:54 GMT">
  <testcase classname="com.grandhi.banking.task1.T1TestCase1" name="post" time="0.285">
    <failure type="java.lang.NoClassDefFoundError" message="javax/xml/bind/JAXBException">
      <![CDATA[java.lang.NoClassDefFoundError: javax/xml/bind/JAXBException
at io.restassured.config.ObjectMapperConfig.<init>(ObjectMapperConfig.java:49)
at io.restassured.config.RestAssuredConfig.<init>(RestAssuredConfig.java:41)
at io.restassured.RestAssured.<clinit>(RestAssured.java:420)
at com.grandhi.banking.task1.T1TestCase1.post(T1TestCase1.java:17)
Caused by: java.lang.ClassNotFoundException: javax.xml.bind.JAXBException
at java.base/jdk.internal.loader.BuiltinClassLoader.loadClass(BuiltinClassLoader.java:636)
at java.base/jdk.internal.loader.ClassLoaders$AppClassLoader.loadClass(ClassLoaders.java:182)
at java.base/java.lang.ClassLoader.loadClass(ClassLoader.java:519)
... 29 more
... Removed 25 stack frames]]>
    </failure>
  </testcase> <!-- post -->
</testsuite> <!-- Test -->
